

============================== 2022-12-26 11:09:01.141589 | 0e157916-c328-4524-89df-054cd2dabb51 ==============================
[0m11:09:01.141607 [info ] [MainThread]: Running with dbt=1.3.1
[0m11:09:01.142148 [debug] [MainThread]: running dbt with arguments {'write_json': True, 'use_colors': True, 'printer_width': 80, 'version_check': True, 'partial_parse': True, 'static_parser': True, 'profiles_dir': '/home/ec2-user/.dbt', 'send_anonymous_usage_stats': True, 'event_buffer_size': 100000, 'quiet': False, 'no_print': False, 'skip_profile_setup': False, 'which': 'init', 'indirect_selection': 'eager'}
[0m11:09:01.142348 [debug] [MainThread]: Tracking: tracking
[0m11:09:01.147926 [debug] [MainThread]: Sending event: {'category': 'dbt', 'action': 'invocation', 'label': 'start', 'context': [<snowplow_tracker.self_describing_json.SelfDescribingJson object at 0x7fab1f8a1250>, <snowplow_tracker.self_describing_json.SelfDescribingJson object at 0x7fab1faf2250>, <snowplow_tracker.self_describing_json.SelfDescribingJson object at 0x7fab1faf2e90>]}
[0m11:09:16.161403 [debug] [MainThread]: Starter project path: /home/ec2-user/.local/lib/python3.7/site-packages/dbt/include/starter_project
[0m11:09:19.565597 [debug] [MainThread]: Sending event: {'category': 'dbt', 'action': 'invocation', 'label': 'end', 'context': [<snowplow_tracker.self_describing_json.SelfDescribingJson object at 0x7fab1f8abe50>, <snowplow_tracker.self_describing_json.SelfDescribingJson object at 0x7fab1f8ab750>, <snowplow_tracker.self_describing_json.SelfDescribingJson object at 0x7fab1f8ab5d0>]}
[0m11:09:19.566002 [debug] [MainThread]: Flushing usage events
[0m11:09:19.822406 [error] [MainThread]: Encountered an error:
deprecated() got an unexpected keyword argument 'name'
[0m11:09:19.827182 [error] [MainThread]: Traceback (most recent call last):
  File "/home/ec2-user/.local/lib/python3.7/site-packages/dbt/main.py", line 135, in main
    results, succeeded = handle_and_check(args)
  File "/home/ec2-user/.local/lib/python3.7/site-packages/dbt/main.py", line 198, in handle_and_check
    task, res = run_from_args(parsed)
  File "/home/ec2-user/.local/lib/python3.7/site-packages/dbt/main.py", line 245, in run_from_args
    results = task.run()
  File "/home/ec2-user/.local/lib/python3.7/site-packages/dbt/task/init.py", line 332, in run
    self.create_profile_from_target(adapter, profile_name=project_name)
  File "/home/ec2-user/.local/lib/python3.7/site-packages/dbt/task/init.py", line 200, in create_profile_from_target
    load_plugin(adapter)
  File "/home/ec2-user/.local/lib/python3.7/site-packages/dbt/adapters/factory.py", line 201, in load_plugin
    return FACTORY.load_plugin(name)
  File "/home/ec2-user/.local/lib/python3.7/site-packages/dbt/adapters/factory.py", line 56, in load_plugin
    mod: Any = import_module("." + name, "dbt.adapters")
  File "/usr/lib64/python3.7/importlib/__init__.py", line 127, in import_module
    return _bootstrap._gcd_import(name[level:], package, level)
  File "<frozen importlib._bootstrap>", line 1006, in _gcd_import
  File "<frozen importlib._bootstrap>", line 983, in _find_and_load
  File "<frozen importlib._bootstrap>", line 967, in _find_and_load_unlocked
  File "<frozen importlib._bootstrap>", line 677, in _load_unlocked
  File "<frozen importlib._bootstrap_external>", line 728, in exec_module
  File "<frozen importlib._bootstrap>", line 219, in _call_with_frames_removed
  File "/home/ec2-user/.local/lib/python3.7/site-packages/dbt/adapters/redshift/__init__.py", line 1, in <module>
    from dbt.adapters.redshift.connections import RedshiftConnectionManager  # noqa
  File "/home/ec2-user/.local/lib/python3.7/site-packages/dbt/adapters/redshift/connections.py", line 11, in <module>
    import boto3
  File "/home/ec2-user/.local/lib/python3.7/site-packages/boto3/__init__.py", line 17, in <module>
    from boto3.session import Session
  File "/home/ec2-user/.local/lib/python3.7/site-packages/boto3/session.py", line 17, in <module>
    import botocore.session
  File "/home/ec2-user/.local/lib/python3.7/site-packages/botocore/session.py", line 26, in <module>
    import botocore.client
  File "/home/ec2-user/.local/lib/python3.7/site-packages/botocore/client.py", line 15, in <module>
    from botocore import waiter, xform_name
  File "/home/ec2-user/.local/lib/python3.7/site-packages/botocore/waiter.py", line 18, in <module>
    from botocore.docs.docstring import WaiterDocstring
  File "/home/ec2-user/.local/lib/python3.7/site-packages/botocore/docs/__init__.py", line 15, in <module>
    from botocore.docs.service import ServiceDocumenter
  File "/home/ec2-user/.local/lib/python3.7/site-packages/botocore/docs/service.py", line 14, in <module>
    from botocore.docs.client import ClientDocumenter, ClientExceptionsDocumenter
  File "/home/ec2-user/.local/lib/python3.7/site-packages/botocore/docs/client.py", line 14, in <module>
    from botocore.docs.example import ResponseExampleDocumenter
  File "/home/ec2-user/.local/lib/python3.7/site-packages/botocore/docs/example.py", line 13, in <module>
    from botocore.docs.shape import ShapeDocumenter
  File "/home/ec2-user/.local/lib/python3.7/site-packages/botocore/docs/shape.py", line 19, in <module>
    from botocore.utils import is_json_value_header
  File "/home/ec2-user/.local/lib/python3.7/site-packages/botocore/utils.py", line 37, in <module>
    import botocore.httpsession
  File "/home/ec2-user/.local/lib/python3.7/site-packages/botocore/httpsession.py", line 46, in <module>
    from urllib3.contrib.pyopenssl import (
  File "/home/ec2-user/.local/lib/python3.7/site-packages/urllib3/contrib/pyopenssl.py", line 50, in <module>
    import OpenSSL.crypto
  File "/home/ec2-user/.local/lib/python3.7/site-packages/OpenSSL/__init__.py", line 8, in <module>
    from OpenSSL import SSL, crypto
  File "/home/ec2-user/.local/lib/python3.7/site-packages/OpenSSL/SSL.py", line 19, in <module>
    from OpenSSL.crypto import (
  File "/home/ec2-user/.local/lib/python3.7/site-packages/OpenSSL/crypto.py", line 3232, in <module>
    name="load_pkcs7_data",
TypeError: deprecated() got an unexpected keyword argument 'name'



============================== 2022-12-26 11:15:38.322295 | 75ab257b-c40c-4a0d-8c11-0c3b96ffdc6c ==============================
[0m11:15:38.322308 [info ] [MainThread]: Running with dbt=1.3.1
[0m11:15:38.322881 [debug] [MainThread]: running dbt with arguments {'write_json': True, 'use_colors': True, 'printer_width': 80, 'version_check': True, 'partial_parse': True, 'static_parser': True, 'profiles_dir': '/home/ec2-user/.dbt', 'send_anonymous_usage_stats': True, 'event_buffer_size': 100000, 'quiet': False, 'no_print': False, 'skip_profile_setup': False, 'which': 'init', 'indirect_selection': 'eager'}
[0m11:15:38.323086 [debug] [MainThread]: Tracking: tracking
[0m11:15:38.328665 [debug] [MainThread]: Sending event: {'category': 'dbt', 'action': 'invocation', 'label': 'start', 'context': [<snowplow_tracker.self_describing_json.SelfDescribingJson object at 0x7f2d8d09b250>, <snowplow_tracker.self_describing_json.SelfDescribingJson object at 0x7f2d8d2ece90>, <snowplow_tracker.self_describing_json.SelfDescribingJson object at 0x7f2d8d2ec490>]}
[0m11:15:55.329584 [debug] [MainThread]: Starter project path: /home/ec2-user/.local/lib/python3.7/site-packages/dbt/include/starter_project
[0m11:53:53.072301 [info ] [MainThread]: Profile dbt_redshift_demo written to /home/ec2-user/.dbt/profiles.yml using target's profile_template.yml and your supplied values. Run 'dbt debug' to validate the connection.
[0m11:53:53.072871 [info ] [MainThread]: 
Your new dbt project "dbt_redshift_demo" was created!

For more information on how to configure the profiles.yml file,
please consult the dbt documentation here:

  https://docs.getdbt.com/docs/configure-your-profile

One more thing:

Need help? Don't hesitate to reach out to us via GitHub issues or on Slack:

  https://community.getdbt.com/

Happy modeling!

[0m11:53:53.073492 [debug] [MainThread]: Sending event: {'category': 'dbt', 'action': 'invocation', 'label': 'end', 'context': [<snowplow_tracker.self_describing_json.SelfDescribingJson object at 0x7f2d8d2ec490>, <snowplow_tracker.self_describing_json.SelfDescribingJson object at 0x7f2d8d2ece90>, <snowplow_tracker.self_describing_json.SelfDescribingJson object at 0x7f2d8d2ec290>]}
[0m11:53:53.073891 [debug] [MainThread]: Flushing usage events
